<?xml version='1.0' encoding='UTF-8'?>
<testsuite hostname="Daniels-MacBook-Pro.local" name="controllers.ApplicationControllerSpec" tests="12" errors="0" failures="0" skipped="0" time="0.245" timestamp="2022-11-09T10:39:01">
                     <properties>
[...]
</properties>
                     <testcase classname="controllers.ApplicationControllerSpec" name="ApplicationController .index should return Ok" time="0.003">
                                                 
                                               </testcase><testcase classname="controllers.ApplicationControllerSpec" name="ApplicationController .create should create a book in the database" time="0.069">
                                                 
                                               </testcase><testcase classname="controllers.ApplicationControllerSpec" name="ApplicationController .create should produce a bad request if invalid data" time="0.006">
                                                 
                                               </testcase><testcase classname="controllers.ApplicationControllerSpec" name="ApplicationController .read should find a book in the database by id" time="0.032">
                                                 
                                               </testcase><testcase classname="controllers.ApplicationControllerSpec" name="ApplicationController .read should produce a bad request if no valid data" time="0.016">
                                                 
                                               </testcase><testcase classname="controllers.ApplicationControllerSpec" name="ApplicationController .update() should update a book by id" time="0.025">
                                                 
                                               </testcase><testcase classname="controllers.ApplicationControllerSpec" name="ApplicationController .update() should produce a bad request if bad update data" time="0.007">
                                                 
                                               </testcase><testcase classname="controllers.ApplicationControllerSpec" name="ApplicationController .update() should produce a bad request if no such data to update" time="0.016">
                                                 
                                               </testcase><testcase classname="controllers.ApplicationControllerSpec" name="ApplicationController .delete() should delete by id" time="0.028">
                                                 
                                               </testcase><testcase classname="controllers.ApplicationControllerSpec" name="ApplicationController .delete() should return bad request if no such id" time="0.015">
                                                 
                                               </testcase><testcase classname="controllers.ApplicationControllerSpec" name="beforeEach  should produce an empty collection" time="0.011">
                                                 
                                               </testcase><testcase classname="controllers.ApplicationControllerSpec" name="beforeEach  should definitely delete everything" time="0.017">
                                                 
                                               </testcase>
                     <system-out><![CDATA[]]></system-out>
                     <system-err><![CDATA[]]></system-err>
                   </testsuite>